<?xml version="1.0" encoding="UTF-8"?>
<testng-results ignored="0" total="2" passed="1" failed="1" skipped="0">
  <reporter-output>
  </reporter-output>
  <suite started-at="2025-05-13T14:01:20 CEST" name="OrangeHRM Suite" finished-at="2025-05-13T14:02:10 CEST" duration-ms="50537">
    <groups>
    </groups>
    <test started-at="2025-05-13T14:01:20 CEST" name="Login y Job Title Tests" finished-at="2025-05-13T14:02:10 CEST" duration-ms="50537">
      <class name="tests.TC2_AddJobTitleTest">
        <test-method is-config="true" signature="setup()[pri:0, instance:tests.TC2_AddJobTitleTest@c8c12ac]" started-at="2025-05-13T14:01:42 CEST" name="setup" finished-at="2025-05-13T14:01:50 CEST" duration-ms="8002" status="PASS">
          <reporter-output>
          </reporter-output>
        </test-method> <!-- setup -->
        <test-method signature="addJobTitle()[pri:0, instance:tests.TC2_AddJobTitleTest@c8c12ac]" started-at="2025-05-13T14:01:50 CEST" name="addJobTitle" finished-at="2025-05-13T14:02:10 CEST" duration-ms="20000" status="FAIL">
          <exception class="java.lang.AssertionError">
            <message>
              <![CDATA[Fallo en el test de agregar título de trabajo: Expected condition failed: waiting for element to be clickable: By.xpath: //span[text()='Admin'] (tried for 10 second(s) with 500 milliseconds interval)
Build info: version: '4.20.0', revision: '866c76ca80'
System info: os.name: 'Windows 11', os.arch: 'amd64', os.version: '10.0', java.version: '23.0.2'
Driver info: org.openqa.selenium.chrome.ChromeDriver
Capabilities {acceptInsecureCerts: false, browserName: chrome, browserVersion: 136.0.7103.93, chrome: {chromedriverVersion: 136.0.7103.92 (cb81a4cc5087..., userDataDir: C:\Users\javie\AppData\Loca...}, fedcm:accounts: true, goog:chromeOptions: {debuggerAddress: localhost:54572}, networkConnectionEnabled: false, pageLoadStrategy: normal, platformName: windows, proxy: Proxy(), se:cdp: ws://localhost:54572/devtoo..., se:cdpVersion: 136.0.7103.93, setWindowRect: true, strictFileInteractability: false, timeouts: {implicit: 0, pageLoad: 300000, script: 30000}, unhandledPromptBehavior: dismiss and notify, webauthn:extension:credBlob: true, webauthn:extension:largeBlob: true, webauthn:extension:minPinLength: true, webauthn:extension:prf: true, webauthn:virtualAuthenticators: true}
Session ID: b65483e5f6800ff9ee133b9e02f9a9fc]]>
            </message>
            <full-stacktrace>
              <![CDATA[java.lang.AssertionError: Fallo en el test de agregar título de trabajo: Expected condition failed: waiting for element to be clickable: By.xpath: //span[text()='Admin'] (tried for 10 second(s) with 500 milliseconds interval)
Build info: version: '4.20.0', revision: '866c76ca80'
System info: os.name: 'Windows 11', os.arch: 'amd64', os.version: '10.0', java.version: '23.0.2'
Driver info: org.openqa.selenium.chrome.ChromeDriver
Capabilities {acceptInsecureCerts: false, browserName: chrome, browserVersion: 136.0.7103.93, chrome: {chromedriverVersion: 136.0.7103.92 (cb81a4cc5087..., userDataDir: C:\Users\javie\AppData\Loca...}, fedcm:accounts: true, goog:chromeOptions: {debuggerAddress: localhost:54572}, networkConnectionEnabled: false, pageLoadStrategy: normal, platformName: windows, proxy: Proxy(), se:cdp: ws://localhost:54572/devtoo..., se:cdpVersion: 136.0.7103.93, setWindowRect: true, strictFileInteractability: false, timeouts: {implicit: 0, pageLoad: 300000, script: 30000}, unhandledPromptBehavior: dismiss and notify, webauthn:extension:credBlob: true, webauthn:extension:largeBlob: true, webauthn:extension:minPinLength: true, webauthn:extension:prf: true, webauthn:virtualAuthenticators: true}
Session ID: b65483e5f6800ff9ee133b9e02f9a9fc
at org.testng.Assert.fail(Assert.java:111)
at tests.TC2_AddJobTitleTest.addJobTitle(TC2_AddJobTitleTest.java:69)
at java.base/jdk.internal.reflect.DirectMethodHandleAccessor.invoke(DirectMethodHandleAccessor.java:103)
at java.base/java.lang.reflect.Method.invoke(Method.java:580)
at org.testng.internal.invokers.MethodInvocationHelper.invokeMethod(MethodInvocationHelper.java:139)
at org.testng.internal.invokers.TestInvoker.invokeMethod(TestInvoker.java:664)
at org.testng.internal.invokers.TestInvoker.invokeTestMethod(TestInvoker.java:228)
at org.testng.internal.invokers.MethodRunner.runInSequence(MethodRunner.java:63)
at org.testng.internal.invokers.TestInvoker$MethodInvocationAgent.invoke(TestInvoker.java:961)
at org.testng.internal.invokers.TestInvoker.invokeTestMethods(TestInvoker.java:201)
at org.testng.internal.invokers.TestMethodWorker.invokeTestMethods(TestMethodWorker.java:148)
at org.testng.internal.invokers.TestMethodWorker.run(TestMethodWorker.java:128)
at java.base/java.util.ArrayList.forEach(ArrayList.java:1597)
at org.testng.TestRunner.privateRun(TestRunner.java:819)
at org.testng.TestRunner.run(TestRunner.java:619)
at org.testng.SuiteRunner.runTest(SuiteRunner.java:443)
at org.testng.SuiteRunner.runSequentially(SuiteRunner.java:437)
at org.testng.SuiteRunner.privateRun(SuiteRunner.java:397)
at org.testng.SuiteRunner.run(SuiteRunner.java:336)
at org.testng.SuiteRunnerWorker.runSuite(SuiteRunnerWorker.java:52)
at org.testng.SuiteRunnerWorker.run(SuiteRunnerWorker.java:95)
at org.testng.TestNG.runSuitesSequentially(TestNG.java:1301)
at org.testng.TestNG.runSuitesLocally(TestNG.java:1228)
at org.testng.TestNG.runSuites(TestNG.java:1134)
at org.testng.TestNG.run(TestNG.java:1101)
at org.apache.maven.surefire.testng.TestNGExecutor.run(TestNGExecutor.java:308)
at org.apache.maven.surefire.testng.TestNGXmlTestSuite.execute(TestNGXmlTestSuite.java:71)
at org.apache.maven.surefire.testng.TestNGProvider.invoke(TestNGProvider.java:113)
at org.apache.maven.surefire.booter.ForkedBooter.runSuitesInProcess(ForkedBooter.java:385)
at org.apache.maven.surefire.booter.ForkedBooter.execute(ForkedBooter.java:162)
at org.apache.maven.surefire.booter.ForkedBooter.run(ForkedBooter.java:507)
at org.apache.maven.surefire.booter.ForkedBooter.main(ForkedBooter.java:495)
]]>
            </full-stacktrace>
          </exception> <!-- java.lang.AssertionError -->
          <reporter-output>
          </reporter-output>
        </test-method> <!-- addJobTitle -->
        <test-method is-config="true" signature="teardown()[pri:0, instance:tests.TC2_AddJobTitleTest@c8c12ac]" started-at="2025-05-13T14:02:10 CEST" name="teardown" finished-at="2025-05-13T14:02:10 CEST" duration-ms="119" status="PASS">
          <reporter-output>
          </reporter-output>
        </test-method> <!-- teardown -->
      </class> <!-- tests.TC2_AddJobTitleTest -->
      <class name="tests.TC1_LoginValidoTest">
        <test-method is-config="true" signature="setup()[pri:0, instance:tests.TC1_LoginValidoTest@131774fe]" started-at="2025-05-13T14:01:20 CEST" name="setup" finished-at="2025-05-13T14:01:21 CEST" duration-ms="938" status="PASS">
          <reporter-output>
          </reporter-output>
        </test-method> <!-- setup -->
        <test-method signature="loginValido()[pri:0, instance:tests.TC1_LoginValidoTest@131774fe]" started-at="2025-05-13T14:01:21 CEST" name="loginValido" finished-at="2025-05-13T14:01:42 CEST" duration-ms="21335" status="PASS">
          <reporter-output>
          </reporter-output>
        </test-method> <!-- loginValido -->
        <test-method is-config="true" signature="teardown()[pri:0, instance:tests.TC1_LoginValidoTest@131774fe]" started-at="2025-05-13T14:01:42 CEST" name="teardown" finished-at="2025-05-13T14:01:42 CEST" duration-ms="123" status="PASS">
          <reporter-output>
          </reporter-output>
        </test-method> <!-- teardown -->
      </class> <!-- tests.TC1_LoginValidoTest -->
    </test> <!-- Login y Job Title Tests -->
  </suite> <!-- OrangeHRM Suite -->
</testng-results>
